build/app/outputs/mapping/release/mapping.txt
# compiler: R8
# compiler_version: 1.5.69
# min_api: 19
# pg_map_id: bca4c93
...
io.grpc.internal.SerializeReentrantCallsDirectExecutor -> c.b.p1.b2:
    java.util.ArrayDeque taskQueue -> d
    java.util.logging.Logger log -> e
    boolean executing -> c
    void completeQueuedTasks() -> a
    void enqueue(java.lang.Runnable) -> a
io.grpc.internal.SerializingExecutor -> c.b.p1.c2:
    io.grpc.internal.SerializingExecutor$AtomicHelper atomicHelper -> g
    java.util.Queue runQueue -> d
    java.util.concurrent.Executor executor -> c
    java.util.logging.Logger log -> f
    int runState -> e
    int access$300(io.grpc.internal.SerializingExecutor) -> a
    int access$302(io.grpc.internal.SerializingExecutor,int) -> a
    io.grpc.internal.SerializingExecutor$AtomicHelper getAtomicHelper() -> a
    void schedule(java.lang.Runnable) -> a
io.grpc.internal.SerializingExecutor$1 -> c.b.p1.c2$a:
io.grpc.internal.SerializingExecutor$AtomicHelper -> c.b.p1.c2$b:
    boolean runStateCompareAndSet(io.grpc.internal.SerializingExecutor,int,int) -> a
    void runStateSet(io.grpc.internal.SerializingExecutor,int) -> a
io.grpc.internal.SerializingExecutor$FieldUpdaterAtomicHelper -> c.b.p1.c2$c:
    java.util.concurrent.atomic.AtomicIntegerFieldUpdater runStateUpdater -> a
    boolean runStateCompareAndSet(io.grpc.internal.SerializingExecutor,int,int) -> a
    void runStateSet(io.grpc.internal.SerializingExecutor,int) -> a
io.grpc.internal.SerializingExecutor$SynchronizedAtomicHelper -> c.b.p1.c2$d:
    boolean runStateCompareAndSet(io.grpc.internal.SerializingExecutor,int,int) -> a
    void runStateSet(io.grpc.internal.SerializingExecutor,int) -> a
io.grpc.internal.ServiceConfigUtil -> c.b.p1.d2:
    java.lang.Double getBackoffMultiplierFromRetryPolicy(java.util.Map) -> a
    java.util.Set getListOfStatusCodesAsSet(java.util.Map,java.lang.String) -> a
    java.util.Set getStatusCodesFromList(java.util.List) -> a
    io.grpc.NameResolver$ConfigOrError selectLbPolicyFromList(java.util.List,io.grpc.LoadBalancerRegistry) -> a
    java.util.Map getHealthCheckedService(java.util.Map) -> b
    java.util.List unwrapLoadBalancingConfigList(java.util.List) -> b
    java.lang.Long getHedgingDelayNanosFromHedgingPolicy(java.util.Map) -> c
    java.util.Map getHedgingPolicyFromMethodConfig(java.util.Map) -> d
    java.lang.Long getInitialBackoffNanosFromRetryPolicy(java.util.Map) -> e
    java.util.List getLoadBalancingConfigsFromServiceConfig(java.util.Map) -> f
    java.lang.Integer getMaxAttemptsFromHedgingPolicy(java.util.Map) -> g
    java.lang.Integer getMaxAttemptsFromRetryPolicy(java.util.Map) -> h
    java.lang.Long getMaxBackoffNanosFromRetryPolicy(java.util.Map) -> i
    java.lang.Integer getMaxRequestMessageBytesFromMethodConfig(java.util.Map) -> j
    java.lang.Integer getMaxResponseMessageBytesFromMethodConfig(java.util.Map) -> k
    java.util.List getMethodConfigFromServiceConfig(java.util.Map) -> l
    java.lang.String getMethodFromName(java.util.Map) -> m
    java.util.List getNameListFromMethodConfig(java.util.Map) -> n
    java.util.Set getNonFatalStatusCodesFromHedgingPolicy(java.util.Map) -> o
io.grpc.internal.ServiceConfigUtil$LbConfig -> c.b.p1.d2$a:
    java.util.Map rawConfigValue -> b
    java.lang.String policyName -> a
    java.lang.String getPolicyName() -> a
    java.util.Map getRawConfigValue() -> b
io.grpc.internal.ServiceConfigUtil$PolicySelection -> c.b.p1.d2$b:
    io.grpc.LoadBalancerProvider provider -> a
    java.lang.Object config -> b